<?xml version="1.0" encoding="UTF-8"?>
<!-- Generated by org.testng.reporters.JUnitReportReporter -->
<testsuite skipped="0" hostname="Jabeens-MacBook-Air.local" name="com.NordicNaturals.TestCases.TC_001_HomePageLinkValidationTest" tests="1" failures="0" timestamp="25 Feb 2021 07:55:48 GMT" time="41.439" errors="0">
  <testcase name="Test_HomePage_LinksSatus" time="41.439" classname="com.NordicNaturals.TestCases.TC_001_HomePageLinkValidationTest"/>
</testsuite> <!-- com.NordicNaturals.TestCases.TC_001_HomePageLinkValidationTest -->
