<?xml version="1.0" encoding="UTF-8"?>
<!-- Generated by org.testng.reporters.JUnitReportReporter -->
<testsuite skipped="0" hostname="Jabeens-MacBook-Air.local" name="com.NordicNaturals.TestCases.TC_001_HomePageLinkValidationTest" tests="1" failures="0" timestamp="25 Feb 2021 06:59:57 GMT" time="57.188" errors="0">
  <testcase name="Test_HomePage_LinksSatus" time="57.188" classname="com.NordicNaturals.TestCases.TC_001_HomePageLinkValidationTest"/>
</testsuite> <!-- com.NordicNaturals.TestCases.TC_001_HomePageLinkValidationTest -->
